Compiled jquery.js  (77ms)  (pid 94355)
Compiled jquery_ujs.js  (0ms)  (pid 94355)
Compiled bootstrap.js  (176ms)  (pid 94355)
Compiled energy_data.js  (1ms)  (pid 94355)
Compiled flot-test.js  (0ms)  (pid 94355)
Compiled flot/excanvas.js  (1ms)  (pid 94355)
Compiled flot/excanvas.min.js  (0ms)  (pid 94355)
Compiled flot/jquery.colorhelpers.js  (0ms)  (pid 94355)
Compiled flot/jquery.flot.crosshair.js  (0ms)  (pid 94355)
Compiled flot/jquery.flot.fillbetween.js  (0ms)  (pid 94355)
Compiled flot/jquery.flot.image.js  (0ms)  (pid 94355)
Compiled flot/jquery.flot.js  (47ms)  (pid 94355)
Compiled flot/jquery.flot.navigate.js  (1ms)  (pid 94355)
Compiled flot/jquery.flot.pie.js  (0ms)  (pid 94355)
Compiled flot/jquery.flot.resize.js  (0ms)  (pid 94355)
Compiled flot/jquery.flot.selection.js  (0ms)  (pid 94355)
Compiled flot/jquery.flot.stack.js  (0ms)  (pid 94355)
Compiled flot/jquery.flot.symbol.js  (0ms)  (pid 94355)
Compiled flot/jquery.flot.threshold.js  (0ms)  (pid 94355)
Compiled flot/jquery.js  (2ms)  (pid 94355)
Compiled jquery-1.8.1.js  (5ms)  (pid 94355)
Compiled static_pages.js  (1ms)  (pid 94355)
Compiled users.js  (0ms)  (pid 94355)
Compiled application.js  (1961ms)  (pid 94355)
Compiled bootstrap_and_overrides.css  (6226ms)  (pid 94355)
Compiled energy_data.css  (474ms)  (pid 94355)
Compiled scaffolds.css  (21ms)  (pid 94355)
Compiled static_pages.css  (46ms)  (pid 94355)
Compiled users.css  (11ms)  (pid 94355)
Compiled application.css  (8524ms)  (pid 94355)
Compiled jquery.js  (121ms)  (pid 94355)
Compiled jquery_ujs.js  (0ms)  (pid 94355)
Compiled bootstrap.js  (785ms)  (pid 94355)
Compiled energy_data.js  (63ms)  (pid 94355)
Compiled flot-test.js  (0ms)  (pid 94355)
Compiled flot/excanvas.js  (1ms)  (pid 94355)
Compiled flot/excanvas.min.js  (21ms)  (pid 94355)
Compiled flot/jquery.colorhelpers.js  (0ms)  (pid 94355)
Compiled flot/jquery.flot.crosshair.js  (0ms)  (pid 94355)
Compiled flot/jquery.flot.fillbetween.js  (0ms)  (pid 94355)
Compiled flot/jquery.flot.image.js  (0ms)  (pid 94355)
Compiled flot/jquery.flot.js  (1ms)  (pid 94355)
Compiled flot/jquery.flot.navigate.js  (0ms)  (pid 94355)
Compiled flot/jquery.flot.pie.js  (0ms)  (pid 94355)
Compiled flot/jquery.flot.resize.js  (0ms)  (pid 94355)
Compiled flot/jquery.flot.selection.js  (0ms)  (pid 94355)
Compiled flot/jquery.flot.stack.js  (0ms)  (pid 94355)
Compiled flot/jquery.flot.symbol.js  (0ms)  (pid 94355)
Compiled flot/jquery.flot.threshold.js  (0ms)  (pid 94355)
Compiled flot/jquery.js  (358ms)  (pid 94355)
Compiled jquery-1.8.1.js  (4ms)  (pid 94355)
Compiled static_pages.js  (4ms)  (pid 94355)
Compiled users.js  (4ms)  (pid 94355)
Compiled application.js  (3494ms)  (pid 94355)
Compiled bootstrap_and_overrides.css  (1034ms)  (pid 94355)
Compiled energy_data.css  (99ms)  (pid 94355)
Compiled scaffolds.css  (13ms)  (pid 94355)
Compiled static_pages.css  (25ms)  (pid 94355)
Compiled users.css  (12ms)  (pid 94355)
Compiled application.css  (1314ms)  (pid 94355)
Compiled jquery.js  (25ms)  (pid 89257)
Compiled jquery_ujs.js  (0ms)  (pid 89257)
Compiled bootstrap.js  (260ms)  (pid 89257)
Compiled jquery-ui.js  (3ms)  (pid 89257)
Compiled active_admin/lib/namespace.js  (1ms)  (pid 89257)
Compiled active_admin/components/jquery.aa.checkbox-toggler.js  (47ms)  (pid 89257)
Compiled active_admin/components/jquery.aa.dropdown-menu.js  (15ms)  (pid 89257)
Compiled active_admin/components/jquery.aa.popover.js  (16ms)  (pid 89257)
Compiled active_admin/components/jquery.aa.table-checkbox-toggler.js  (10ms)  (pid 89257)
Compiled active_admin/pages/application.js  (37ms)  (pid 89257)
Compiled active_admin/pages/batch_actions.js  (8ms)  (pid 89257)
Compiled active_admin/application.js  (518ms)  (pid 89257)
Compiled active_admin/base.js  (655ms)  (pid 89257)
Compiled active_admin.js  (685ms)  (pid 89257)
Compiled energy_data.js  (0ms)  (pid 89257)
Compiled flot-test.js  (0ms)  (pid 89257)
Compiled flot/excanvas.js  (8ms)  (pid 89257)
Compiled flot/excanvas.min.js  (0ms)  (pid 89257)
Compiled flot/jquery.colorhelpers.js  (0ms)  (pid 89257)
Compiled flot/jquery.flot.crosshair.js  (0ms)  (pid 89257)
Compiled flot/jquery.flot.fillbetween.js  (21ms)  (pid 89257)
Compiled flot/jquery.flot.image.js  (0ms)  (pid 89257)
Compiled flot/jquery.flot.js  (1ms)  (pid 89257)
Compiled flot/jquery.flot.navigate.js  (1ms)  (pid 89257)
Compiled flot/jquery.flot.pie.js  (0ms)  (pid 89257)
Compiled flot/jquery.flot.resize.js  (0ms)  (pid 89257)
Compiled flot/jquery.flot.selection.js  (0ms)  (pid 89257)
Compiled flot/jquery.flot.stack.js  (3ms)  (pid 89257)
Compiled flot/jquery.flot.symbol.js  (0ms)  (pid 89257)
Compiled flot/jquery.flot.threshold.js  (8ms)  (pid 89257)
Compiled flot/jquery.js  (3ms)  (pid 89257)
Compiled jquery-1.8.1.js  (128ms)  (pid 89257)
Compiled rails.js  (0ms)  (pid 89257)
Compiled static_pages.js  (10ms)  (pid 89257)
Compiled updateHTML.js  (0ms)  (pid 89257)
Compiled users.js  (9ms)  (pid 89257)
Compiled application.js  (3362ms)  (pid 89257)
Compiled active_admin.css  (5055ms)  (pid 89257)
Compiled bootstrap_and_overrides.css  (1701ms)  (pid 89257)
Compiled custom.css  (511ms)  (pid 89257)
Compiled energy_data.css  (2ms)  (pid 89257)
Compiled scaffolds.css  (24ms)  (pid 89257)
Compiled static_pages.css  (47ms)  (pid 89257)
Compiled users.css  (2ms)  (pid 89257)
Compiled application.css  (7917ms)  (pid 89257)
Compiled jquery.js  (8ms)  (pid 89257)
Compiled jquery_ujs.js  (0ms)  (pid 89257)
Compiled bootstrap.js  (281ms)  (pid 89257)
Compiled jquery-ui.js  (119ms)  (pid 89257)
Compiled active_admin/lib/namespace.js  (2ms)  (pid 89257)
Compiled active_admin/components/jquery.aa.checkbox-toggler.js  (25ms)  (pid 89257)
Compiled active_admin/components/jquery.aa.dropdown-menu.js  (31ms)  (pid 89257)
Compiled active_admin/components/jquery.aa.popover.js  (19ms)  (pid 89257)
Compiled active_admin/components/jquery.aa.table-checkbox-toggler.js  (25ms)  (pid 89257)
Compiled active_admin/pages/application.js  (11ms)  (pid 89257)
Compiled active_admin/pages/batch_actions.js  (7ms)  (pid 89257)
Compiled active_admin/application.js  (459ms)  (pid 89257)
Compiled active_admin/base.js  (681ms)  (pid 89257)
Compiled active_admin.js  (713ms)  (pid 89257)
Compiled energy_data.js  (16ms)  (pid 89257)
Compiled flot-test.js  (0ms)  (pid 89257)
Compiled flot/excanvas.js  (0ms)  (pid 89257)
Compiled flot/excanvas.min.js  (0ms)  (pid 89257)
Compiled flot/jquery.colorhelpers.js  (0ms)  (pid 89257)
Compiled flot/jquery.flot.crosshair.js  (0ms)  (pid 89257)
Compiled flot/jquery.flot.fillbetween.js  (0ms)  (pid 89257)
Compiled flot/jquery.flot.image.js  (0ms)  (pid 89257)
Compiled flot/jquery.flot.js  (1ms)  (pid 89257)
Compiled flot/jquery.flot.navigate.js  (25ms)  (pid 89257)
Compiled flot/jquery.flot.pie.js  (0ms)  (pid 89257)
Compiled flot/jquery.flot.resize.js  (0ms)  (pid 89257)
Compiled flot/jquery.flot.selection.js  (1ms)  (pid 89257)
Compiled flot/jquery.flot.stack.js  (0ms)  (pid 89257)
Compiled flot/jquery.flot.symbol.js  (0ms)  (pid 89257)
Compiled flot/jquery.flot.threshold.js  (3ms)  (pid 89257)
Compiled flot/jquery.js  (1ms)  (pid 89257)
Compiled jquery-1.8.1.js  (7ms)  (pid 89257)
Compiled rails.js  (0ms)  (pid 89257)
Compiled static_pages.js  (1ms)  (pid 89257)
Compiled updateHTML.js  (0ms)  (pid 89257)
Compiled users.js  (0ms)  (pid 89257)
Compiled application.js  (2378ms)  (pid 89257)
Compiled active_admin.css  (4558ms)  (pid 89257)
Compiled bootstrap_and_overrides.css  (1180ms)  (pid 89257)
Compiled custom.css  (518ms)  (pid 89257)
Compiled energy_data.css  (1ms)  (pid 89257)
Compiled scaffolds.css  (56ms)  (pid 89257)
Compiled static_pages.css  (5ms)  (pid 89257)
Compiled users.css  (12ms)  (pid 89257)
Compiled application.css  (6646ms)  (pid 89257)
Compiled jquery.js  (5ms)  (pid 18921)
Compiled jquery_ujs.js  (0ms)  (pid 18921)
Compiled bootstrap.js  (214ms)  (pid 18921)
Compiled jquery-ui.js  (4ms)  (pid 18921)
Compiled active_admin/lib/namespace.js  (3ms)  (pid 18921)
Compiled active_admin/components/jquery.aa.checkbox-toggler.js  (18ms)  (pid 18921)
Compiled active_admin/components/jquery.aa.dropdown-menu.js  (19ms)  (pid 18921)
Compiled active_admin/components/jquery.aa.popover.js  (18ms)  (pid 18921)
Compiled active_admin/components/jquery.aa.table-checkbox-toggler.js  (7ms)  (pid 18921)
Compiled active_admin/pages/application.js  (4ms)  (pid 18921)
Compiled active_admin/pages/batch_actions.js  (10ms)  (pid 18921)
Compiled active_admin/application.js  (462ms)  (pid 18921)
Compiled active_admin/base.js  (1373ms)  (pid 18921)
Compiled active_admin.js  (1446ms)  (pid 18921)
Compiled energy_data.js  (0ms)  (pid 18921)
Compiled flot-test.js  (8ms)  (pid 18921)
Compiled flot/excanvas.js  (0ms)  (pid 18921)
Compiled flot/excanvas.min.js  (1ms)  (pid 18921)
Compiled flot/jquery.colorhelpers.js  (1ms)  (pid 18921)
Compiled flot/jquery.flot.crosshair.js  (3ms)  (pid 18921)
Compiled flot/jquery.flot.fillbetween.js  (0ms)  (pid 18921)
Compiled flot/jquery.flot.image.js  (0ms)  (pid 18921)
Compiled flot/jquery.flot.js  (2ms)  (pid 18921)
Compiled flot/jquery.flot.navigate.js  (0ms)  (pid 18921)
Compiled flot/jquery.flot.pie.js  (15ms)  (pid 18921)
Compiled flot/jquery.flot.resize.js  (0ms)  (pid 18921)
Compiled flot/jquery.flot.selection.js  (0ms)  (pid 18921)
Compiled flot/jquery.flot.stack.js  (1ms)  (pid 18921)
Compiled flot/jquery.flot.symbol.js  (0ms)  (pid 18921)
Compiled flot/jquery.flot.threshold.js  (0ms)  (pid 18921)
Compiled flot/jquery.flot.time.js  (0ms)  (pid 18921)
Compiled flot/jquery.js  (2ms)  (pid 18921)
Compiled jquery-1.8.1.js  (5ms)  (pid 18921)
Compiled rails.js  (0ms)  (pid 18921)
Compiled static_pages.js  (1ms)  (pid 18921)
Compiled updateHTML.js  (0ms)  (pid 18921)
Compiled users.js  (0ms)  (pid 18921)
Compiled application.js  (3932ms)  (pid 18921)
Compiled active_admin.css  (7914ms)  (pid 18921)
Compiled bootstrap_and_overrides.css  (2909ms)  (pid 18921)
Compiled custom.css  (448ms)  (pid 18921)
Compiled energy_data.css  (2ms)  (pid 18921)
Compiled scaffolds.css  (11ms)  (pid 18921)
Compiled static_pages.css  (9ms)  (pid 18921)
Compiled users.css  (14ms)  (pid 18921)
Compiled application.css  (12171ms)  (pid 18921)
Compiled jquery.js  (8ms)  (pid 18921)
Compiled jquery_ujs.js  (2ms)  (pid 18921)
Compiled bootstrap.js  (137ms)  (pid 18921)
Compiled jquery-ui.js  (3ms)  (pid 18921)
Compiled active_admin/lib/namespace.js  (1ms)  (pid 18921)
Compiled active_admin/components/jquery.aa.checkbox-toggler.js  (33ms)  (pid 18921)
Compiled active_admin/components/jquery.aa.dropdown-menu.js  (31ms)  (pid 18921)
Compiled active_admin/components/jquery.aa.popover.js  (24ms)  (pid 18921)
Compiled active_admin/components/jquery.aa.table-checkbox-toggler.js  (22ms)  (pid 18921)
Compiled active_admin/pages/application.js  (10ms)  (pid 18921)
Compiled active_admin/pages/batch_actions.js  (29ms)  (pid 18921)
Compiled active_admin/application.js  (425ms)  (pid 18921)
Compiled active_admin/base.js  (474ms)  (pid 18921)
Compiled active_admin.js  (571ms)  (pid 18921)
Compiled energy_data.js  (0ms)  (pid 18921)
Compiled flot-test.js  (0ms)  (pid 18921)
Compiled flot/excanvas.js  (1ms)  (pid 18921)
Compiled flot/excanvas.min.js  (0ms)  (pid 18921)
Compiled flot/jquery.colorhelpers.js  (0ms)  (pid 18921)
Compiled flot/jquery.flot.crosshair.js  (9ms)  (pid 18921)
Compiled flot/jquery.flot.fillbetween.js  (0ms)  (pid 18921)
Compiled flot/jquery.flot.image.js  (1ms)  (pid 18921)
Compiled flot/jquery.flot.js  (1ms)  (pid 18921)
Compiled flot/jquery.flot.navigate.js  (0ms)  (pid 18921)
Compiled flot/jquery.flot.pie.js  (0ms)  (pid 18921)
Compiled flot/jquery.flot.resize.js  (0ms)  (pid 18921)
Compiled flot/jquery.flot.selection.js  (6ms)  (pid 18921)
Compiled flot/jquery.flot.stack.js  (0ms)  (pid 18921)
Compiled flot/jquery.flot.symbol.js  (0ms)  (pid 18921)
Compiled flot/jquery.flot.threshold.js  (0ms)  (pid 18921)
Compiled flot/jquery.flot.time.js  (0ms)  (pid 18921)
Compiled flot/jquery.js  (2ms)  (pid 18921)
Compiled jquery-1.8.1.js  (4ms)  (pid 18921)
Compiled rails.js  (0ms)  (pid 18921)
Compiled static_pages.js  (13ms)  (pid 18921)
Compiled updateHTML.js  (1ms)  (pid 18921)
Compiled users.js  (0ms)  (pid 18921)
Compiled application.js  (3029ms)  (pid 18921)
Compiled active_admin.css  (4486ms)  (pid 18921)
Compiled bootstrap_and_overrides.css  (2029ms)  (pid 18921)
Compiled custom.css  (471ms)  (pid 18921)
Compiled energy_data.css  (2ms)  (pid 18921)
Compiled scaffolds.css  (19ms)  (pid 18921)
Compiled static_pages.css  (4ms)  (pid 18921)
Compiled users.css  (2ms)  (pid 18921)
Compiled application.css  (7448ms)  (pid 18921)
Compiled jquery.js  (21ms)  (pid 32036)
Compiled jquery_ujs.js  (0ms)  (pid 32036)
Compiled bootstrap.js  (324ms)  (pid 32036)
Compiled jquery-ui.js  (3ms)  (pid 32036)
Compiled active_admin/lib/namespace.js  (5ms)  (pid 32036)
Compiled active_admin/components/jquery.aa.checkbox-toggler.js  (51ms)  (pid 32036)
Compiled active_admin/components/jquery.aa.dropdown-menu.js  (26ms)  (pid 32036)
Compiled active_admin/components/jquery.aa.popover.js  (13ms)  (pid 32036)
Compiled active_admin/components/jquery.aa.table-checkbox-toggler.js  (14ms)  (pid 32036)
Compiled active_admin/pages/application.js  (2ms)  (pid 32036)
Compiled active_admin/pages/batch_actions.js  (6ms)  (pid 32036)
Compiled active_admin/application.js  (690ms)  (pid 32036)
Compiled active_admin/base.js  (923ms)  (pid 32036)
Compiled active_admin.js  (999ms)  (pid 32036)
Compiled energy_data.js  (0ms)  (pid 32036)
Compiled flot-test.js  (0ms)  (pid 32036)
Compiled flot/excanvas.js  (6ms)  (pid 32036)
Compiled flot/excanvas.min.js  (0ms)  (pid 32036)
Compiled flot/jquery.colorhelpers.js  (0ms)  (pid 32036)
Compiled flot/jquery.flot.crosshair.js  (0ms)  (pid 32036)
Compiled flot/jquery.flot.fillbetween.js  (0ms)  (pid 32036)
Compiled flot/jquery.flot.image.js  (0ms)  (pid 32036)
Compiled flot/jquery.flot.js  (1ms)  (pid 32036)
Compiled flot/jquery.flot.navigate.js  (0ms)  (pid 32036)
Compiled flot/jquery.flot.pie.js  (0ms)  (pid 32036)
Compiled flot/jquery.flot.resize.js  (2ms)  (pid 32036)
Compiled flot/jquery.flot.selection.js  (0ms)  (pid 32036)
Compiled flot/jquery.flot.stack.js  (0ms)  (pid 32036)
Compiled flot/jquery.flot.symbol.js  (0ms)  (pid 32036)
Compiled flot/jquery.flot.threshold.js  (2ms)  (pid 32036)
Compiled flot/jquery.flot.time.js  (0ms)  (pid 32036)
Compiled flot/jquery.js  (1ms)  (pid 32036)
Compiled jquery-1.8.1.js  (4ms)  (pid 32036)
Compiled rails.js  (3ms)  (pid 32036)
Compiled static_pages.js  (7ms)  (pid 32036)
Compiled updateHTML.js  (1ms)  (pid 32036)
Compiled users.js  (0ms)  (pid 32036)
Compiled application.js  (3785ms)  (pid 32036)
Compiled active_admin.css  (5160ms)  (pid 32036)
Compiled bootstrap_and_overrides.css  (1655ms)  (pid 32036)
Compiled custom.css  (514ms)  (pid 32036)
Compiled energy_data.css  (12ms)  (pid 32036)
Compiled scaffolds.css  (11ms)  (pid 32036)
Compiled static_pages.css  (49ms)  (pid 32036)
Compiled users.css  (2ms)  (pid 32036)
Compiled application.css  (8081ms)  (pid 32036)
Compiled jquery.js  (6ms)  (pid 32036)
Compiled jquery_ujs.js  (0ms)  (pid 32036)
Compiled bootstrap.js  (214ms)  (pid 32036)
Compiled jquery-ui.js  (4ms)  (pid 32036)
Compiled active_admin/lib/namespace.js  (1ms)  (pid 32036)
Compiled active_admin/components/jquery.aa.checkbox-toggler.js  (26ms)  (pid 32036)
Compiled active_admin/components/jquery.aa.dropdown-menu.js  (37ms)  (pid 32036)
Compiled active_admin/components/jquery.aa.popover.js  (32ms)  (pid 32036)
Compiled active_admin/components/jquery.aa.table-checkbox-toggler.js  (63ms)  (pid 32036)
Compiled active_admin/pages/application.js  (13ms)  (pid 32036)
Compiled active_admin/pages/batch_actions.js  (16ms)  (pid 32036)
Compiled active_admin/application.js  (519ms)  (pid 32036)
Compiled active_admin/base.js  (603ms)  (pid 32036)
Compiled active_admin.js  (619ms)  (pid 32036)
Compiled energy_data.js  (0ms)  (pid 32036)
Compiled flot-test.js  (0ms)  (pid 32036)
Compiled flot/excanvas.js  (0ms)  (pid 32036)
Compiled flot/excanvas.min.js  (0ms)  (pid 32036)
Compiled flot/jquery.colorhelpers.js  (0ms)  (pid 32036)
Compiled flot/jquery.flot.crosshair.js  (0ms)  (pid 32036)
Compiled flot/jquery.flot.fillbetween.js  (0ms)  (pid 32036)
Compiled flot/jquery.flot.image.js  (0ms)  (pid 32036)
Compiled flot/jquery.flot.js  (1ms)  (pid 32036)
Compiled flot/jquery.flot.navigate.js  (6ms)  (pid 32036)
Compiled flot/jquery.flot.pie.js  (1ms)  (pid 32036)
Compiled flot/jquery.flot.resize.js  (5ms)  (pid 32036)
Compiled flot/jquery.flot.selection.js  (4ms)  (pid 32036)
Compiled flot/jquery.flot.stack.js  (0ms)  (pid 32036)
Compiled flot/jquery.flot.symbol.js  (0ms)  (pid 32036)
Compiled flot/jquery.flot.threshold.js  (5ms)  (pid 32036)
Compiled flot/jquery.flot.time.js  (0ms)  (pid 32036)
Compiled flot/jquery.js  (2ms)  (pid 32036)
Compiled jquery-1.8.1.js  (8ms)  (pid 32036)
Compiled rails.js  (0ms)  (pid 32036)
Compiled static_pages.js  (0ms)  (pid 32036)
Compiled updateHTML.js  (0ms)  (pid 32036)
Compiled users.js  (5ms)  (pid 32036)
Compiled application.js  (2209ms)  (pid 32036)
Compiled active_admin.css  (3722ms)  (pid 32036)
Compiled bootstrap_and_overrides.css  (2151ms)  (pid 32036)
Compiled custom.css  (314ms)  (pid 32036)
Compiled energy_data.css  (1ms)  (pid 32036)
Compiled scaffolds.css  (27ms)  (pid 32036)
Compiled static_pages.css  (21ms)  (pid 32036)
Compiled users.css  (4ms)  (pid 32036)
Compiled application.css  (6689ms)  (pid 32036)
Compiled jquery.js  (61ms)  (pid 41183)
Compiled jquery_ujs.js  (0ms)  (pid 41183)
Compiled bootstrap.js  (746ms)  (pid 41183)
Compiled jquery-ui.js  (5ms)  (pid 41183)
Compiled active_admin/lib/namespace.js  (2ms)  (pid 41183)
Compiled active_admin/components/jquery.aa.checkbox-toggler.js  (15ms)  (pid 41183)
Compiled active_admin/components/jquery.aa.dropdown-menu.js  (13ms)  (pid 41183)
Compiled active_admin/components/jquery.aa.popover.js  (13ms)  (pid 41183)
Compiled active_admin/components/jquery.aa.table-checkbox-toggler.js  (171ms)  (pid 41183)
Compiled active_admin/pages/application.js  (2ms)  (pid 41183)
Compiled active_admin/pages/batch_actions.js  (4ms)  (pid 41183)
Compiled active_admin/application.js  (643ms)  (pid 41183)
Compiled active_admin/base.js  (1450ms)  (pid 41183)
Compiled active_admin.js  (1534ms)  (pid 41183)
Compiled energy_data.js  (3ms)  (pid 41183)
Compiled flot-test.js  (0ms)  (pid 41183)
Compiled flot/excanvas.js  (2ms)  (pid 41183)
Compiled flot/excanvas.min.js  (1ms)  (pid 41183)
Compiled flot/jquery.colorhelpers.js  (0ms)  (pid 41183)
Compiled flot/jquery.flot.crosshair.js  (1ms)  (pid 41183)
Compiled flot/jquery.flot.fillbetween.js  (0ms)  (pid 41183)
Compiled flot/jquery.flot.image.js  (1ms)  (pid 41183)
Compiled flot/jquery.flot.js  (2ms)  (pid 41183)
Compiled flot/jquery.flot.navigate.js  (1ms)  (pid 41183)
Compiled flot/jquery.flot.pie.js  (2ms)  (pid 41183)
Compiled flot/jquery.flot.resize.js  (1ms)  (pid 41183)
Compiled flot/jquery.flot.selection.js  (1ms)  (pid 41183)
Compiled flot/jquery.flot.stack.js  (1ms)  (pid 41183)
Compiled flot/jquery.flot.symbol.js  (0ms)  (pid 41183)
Compiled flot/jquery.flot.threshold.js  (1ms)  (pid 41183)
Compiled flot/jquery.flot.time.js  (0ms)  (pid 41183)
Compiled flot/jquery.js  (3ms)  (pid 41183)
Compiled jquery-1.8.1.js  (8ms)  (pid 41183)
Compiled rails.js  (0ms)  (pid 41183)
Compiled static_pages.js  (1ms)  (pid 41183)
Compiled updateHTML.js  (0ms)  (pid 41183)
Compiled users.js  (1ms)  (pid 41183)
Compiled application.js  (5920ms)  (pid 41183)
Compiled active_admin.css  (9497ms)  (pid 41183)
Compiled bootstrap_and_overrides.css  (3464ms)  (pid 41183)
Compiled custom.css  (809ms)  (pid 41183)
Compiled energy_data.css  (6ms)  (pid 41183)
Compiled scaffolds.css  (25ms)  (pid 41183)
Compiled static_pages.css  (6ms)  (pid 41183)
Compiled users.css  (4ms)  (pid 41183)
Compiled application.css  (14433ms)  (pid 41183)
Compiled jquery.js  (9ms)  (pid 41183)
Compiled jquery_ujs.js  (0ms)  (pid 41183)
Compiled bootstrap.js  (271ms)  (pid 41183)
Compiled jquery-ui.js  (9ms)  (pid 41183)
Compiled active_admin/lib/namespace.js  (4ms)  (pid 41183)
Compiled active_admin/components/jquery.aa.checkbox-toggler.js  (25ms)  (pid 41183)
Compiled active_admin/components/jquery.aa.dropdown-menu.js  (27ms)  (pid 41183)
Compiled active_admin/components/jquery.aa.popover.js  (30ms)  (pid 41183)
Compiled active_admin/components/jquery.aa.table-checkbox-toggler.js  (13ms)  (pid 41183)
Compiled active_admin/pages/application.js  (4ms)  (pid 41183)
Compiled active_admin/pages/batch_actions.js  (34ms)  (pid 41183)
Compiled active_admin/application.js  (708ms)  (pid 41183)
Compiled active_admin/base.js  (911ms)  (pid 41183)
Compiled active_admin.js  (939ms)  (pid 41183)
Compiled energy_data.js  (1ms)  (pid 41183)
Compiled flot-test.js  (0ms)  (pid 41183)
Compiled flot/excanvas.js  (1ms)  (pid 41183)
Compiled flot/excanvas.min.js  (1ms)  (pid 41183)
Compiled flot/jquery.colorhelpers.js  (7ms)  (pid 41183)
Compiled flot/jquery.flot.crosshair.js  (6ms)  (pid 41183)
Compiled flot/jquery.flot.fillbetween.js  (1ms)  (pid 41183)
Compiled flot/jquery.flot.image.js  (1ms)  (pid 41183)
Compiled flot/jquery.flot.js  (3ms)  (pid 41183)
Compiled flot/jquery.flot.navigate.js  (1ms)  (pid 41183)
Compiled flot/jquery.flot.pie.js  (1ms)  (pid 41183)
Compiled flot/jquery.flot.resize.js  (24ms)  (pid 41183)
Compiled flot/jquery.flot.selection.js  (13ms)  (pid 41183)
Compiled flot/jquery.flot.stack.js  (2ms)  (pid 41183)
Compiled flot/jquery.flot.symbol.js  (0ms)  (pid 41183)
Compiled flot/jquery.flot.threshold.js  (0ms)  (pid 41183)
Compiled flot/jquery.flot.time.js  (0ms)  (pid 41183)
Compiled flot/jquery.js  (9ms)  (pid 41183)
Compiled jquery-1.8.1.js  (366ms)  (pid 41183)
Compiled rails.js  (0ms)  (pid 41183)
Compiled static_pages.js  (1ms)  (pid 41183)
Compiled updateHTML.js  (0ms)  (pid 41183)
Compiled users.js  (1ms)  (pid 41183)
Compiled application.js  (3041ms)  (pid 41183)
Compiled active_admin.css  (13064ms)  (pid 41183)
Compiled bootstrap_and_overrides.css  (3060ms)  (pid 41183)
Compiled custom.css  (781ms)  (pid 41183)
Compiled energy_data.css  (8ms)  (pid 41183)
Compiled scaffolds.css  (29ms)  (pid 41183)
Compiled static_pages.css  (2ms)  (pid 41183)
Compiled users.css  (6ms)  (pid 41183)
Compiled application.css  (18067ms)  (pid 41183)
Compiled jquery.js  (30ms)  (pid 15791)
Compiled jquery_ujs.js  (0ms)  (pid 15791)
Compiled bootstrap.js  (452ms)  (pid 15791)
Compiled jquery-ui.js  (5ms)  (pid 15791)
Compiled active_admin/lib/namespace.js  (1ms)  (pid 15791)
Compiled active_admin/components/jquery.aa.checkbox-toggler.js  (16ms)  (pid 15791)
Compiled active_admin/components/jquery.aa.dropdown-menu.js  (23ms)  (pid 15791)
Compiled active_admin/components/jquery.aa.popover.js  (116ms)  (pid 15791)
Compiled active_admin/components/jquery.aa.table-checkbox-toggler.js  (7ms)  (pid 15791)
Compiled active_admin/pages/application.js  (36ms)  (pid 15791)
Compiled active_admin/pages/batch_actions.js  (32ms)  (pid 15791)
Compiled active_admin/application.js  (677ms)  (pid 15791)
Compiled active_admin/base.js  (1158ms)  (pid 15791)
Compiled active_admin.js  (1202ms)  (pid 15791)
Compiled bootstrap-dropdown.js  (0ms)  (pid 15791)
Compiled energy_data.js  (4ms)  (pid 15791)
Compiled flot-test.js  (0ms)  (pid 15791)
Compiled flot/excanvas.js  (1ms)  (pid 15791)
Compiled flot/excanvas.min.js  (1ms)  (pid 15791)
Compiled flot/jquery.colorhelpers.js  (0ms)  (pid 15791)
Compiled flot/jquery.flot.crosshair.js  (1ms)  (pid 15791)
Compiled flot/jquery.flot.fillbetween.js  (0ms)  (pid 15791)
Compiled flot/jquery.flot.image.js  (2ms)  (pid 15791)
Compiled flot/jquery.flot.js  (11ms)  (pid 15791)
Compiled flot/jquery.flot.navigate.js  (1ms)  (pid 15791)
Compiled flot/jquery.flot.pie.js  (1ms)  (pid 15791)
Compiled flot/jquery.flot.resize.js  (0ms)  (pid 15791)
Compiled flot/jquery.flot.selection.js  (1ms)  (pid 15791)
Compiled flot/jquery.flot.stack.js  (0ms)  (pid 15791)
Compiled flot/jquery.flot.symbol.js  (1ms)  (pid 15791)
Compiled flot/jquery.flot.threshold.js  (0ms)  (pid 15791)
Compiled flot/jquery.flot.time.js  (6ms)  (pid 15791)
Compiled flot/jquery.js  (4ms)  (pid 15791)
Compiled jquery-1.8.1.js  (31ms)  (pid 15791)
Compiled jquery.elastislide.js  (0ms)  (pid 15791)
Compiled jquery.flexslider-min.js  (0ms)  (pid 15791)
Compiled jquery.prettyPhoto.js  (1ms)  (pid 15791)
Compiled rails.js  (0ms)  (pid 15791)
Compiled static_pages.js  (3ms)  (pid 15791)
Compiled updateHTML.js  (0ms)  (pid 15791)
Compiled users.js  (1ms)  (pid 15791)
Compiled application.js  (7218ms)  (pid 15791)
Compiled active_admin.css  (10906ms)  (pid 15791)
Compiled bootstrap-responsive.css  (0ms)  (pid 15791)
Compiled bootstrap.css  (1ms)  (pid 15791)
Compiled bootstrap_and_overrides.css  (3674ms)  (pid 15791)
Compiled custom.css  (919ms)  (pid 15791)
Compiled elastislide.css  (0ms)  (pid 15791)
Compiled energy_data.css  (57ms)  (pid 15791)
Compiled flexslider.css  (1ms)  (pid 15791)
Compiled prettify.css  (4ms)  (pid 15791)
Compiled prettyPhoto.css  (1ms)  (pid 15791)
Compiled scaffolds.css  (61ms)  (pid 15791)
Compiled static_pages.css  (13ms)  (pid 15791)
Compiled style.css  (1ms)  (pid 15791)
Compiled users.css  (4ms)  (pid 15791)
Compiled application.css  (17917ms)  (pid 15791)
Compiled jquery.js  (16ms)  (pid 15791)
Compiled jquery_ujs.js  (0ms)  (pid 15791)
Compiled bootstrap.js  (266ms)  (pid 15791)
Compiled jquery-ui.js  (58ms)  (pid 15791)
Compiled active_admin/lib/namespace.js  (1ms)  (pid 15791)
Compiled active_admin/components/jquery.aa.checkbox-toggler.js  (46ms)  (pid 15791)
Compiled active_admin/components/jquery.aa.dropdown-menu.js  (40ms)  (pid 15791)
Compiled active_admin/components/jquery.aa.popover.js  (55ms)  (pid 15791)
Compiled active_admin/components/jquery.aa.table-checkbox-toggler.js  (11ms)  (pid 15791)
Compiled active_admin/pages/application.js  (34ms)  (pid 15791)
Compiled active_admin/pages/batch_actions.js  (27ms)  (pid 15791)
Compiled active_admin/application.js  (620ms)  (pid 15791)
Compiled active_admin/base.js  (842ms)  (pid 15791)
Compiled active_admin.js  (904ms)  (pid 15791)
Compiled bootstrap-dropdown.js  (0ms)  (pid 15791)
Compiled energy_data.js  (1ms)  (pid 15791)
Compiled flot-test.js  (5ms)  (pid 15791)
Compiled flot/excanvas.js  (1ms)  (pid 15791)
Compiled flot/excanvas.min.js  (0ms)  (pid 15791)
Compiled flot/jquery.colorhelpers.js  (0ms)  (pid 15791)
Compiled flot/jquery.flot.crosshair.js  (1ms)  (pid 15791)
Compiled flot/jquery.flot.fillbetween.js  (1ms)  (pid 15791)
Compiled flot/jquery.flot.image.js  (1ms)  (pid 15791)
Compiled flot/jquery.flot.js  (255ms)  (pid 15791)
Compiled flot/jquery.flot.navigate.js  (1ms)  (pid 15791)
Compiled flot/jquery.flot.pie.js  (1ms)  (pid 15791)
Compiled flot/jquery.flot.resize.js  (1ms)  (pid 15791)
Compiled flot/jquery.flot.selection.js  (1ms)  (pid 15791)
Compiled flot/jquery.flot.stack.js  (0ms)  (pid 15791)
Compiled flot/jquery.flot.symbol.js  (0ms)  (pid 15791)
Compiled flot/jquery.flot.threshold.js  (1ms)  (pid 15791)
Compiled flot/jquery.flot.time.js  (0ms)  (pid 15791)
Compiled flot/jquery.js  (5ms)  (pid 15791)
Compiled jquery-1.8.1.js  (203ms)  (pid 15791)
Compiled jquery.elastislide.js  (2ms)  (pid 15791)
Compiled jquery.flexslider-min.js  (3ms)  (pid 15791)
Compiled jquery.prettyPhoto.js  (1ms)  (pid 15791)
Compiled rails.js  (3ms)  (pid 15791)
Compiled static_pages.js  (16ms)  (pid 15791)
Compiled updateHTML.js  (0ms)  (pid 15791)
Compiled users.js  (3ms)  (pid 15791)
Compiled application.js  (3671ms)  (pid 15791)
Compiled active_admin.css  (9396ms)  (pid 15791)
Compiled bootstrap-responsive.css  (0ms)  (pid 15791)
Compiled bootstrap.css  (39ms)  (pid 15791)
Compiled bootstrap_and_overrides.css  (4173ms)  (pid 15791)
Compiled custom.css  (1174ms)  (pid 15791)
Compiled elastislide.css  (0ms)  (pid 15791)
Compiled energy_data.css  (2ms)  (pid 15791)
Compiled flexslider.css  (0ms)  (pid 15791)
Compiled prettify.css  (1ms)  (pid 15791)
Compiled prettyPhoto.css  (1ms)  (pid 15791)
Compiled scaffolds.css  (108ms)  (pid 15791)
Compiled static_pages.css  (53ms)  (pid 15791)
Compiled style.css  (1ms)  (pid 15791)
Compiled users.css  (4ms)  (pid 15791)
Compiled application.css  (17356ms)  (pid 15791)
Compiled jquery.js  (9ms)  (pid 7490)
Compiled jquery_ujs.js  (0ms)  (pid 7490)
Compiled bootstrap.js  (534ms)  (pid 7490)
Compiled jquery-ui.js  (233ms)  (pid 7490)
Compiled active_admin/lib/namespace.js  (1ms)  (pid 7490)
Compiled active_admin/components/jquery.aa.checkbox-toggler.js  (76ms)  (pid 7490)
Compiled active_admin/components/jquery.aa.dropdown-menu.js  (38ms)  (pid 7490)
Compiled active_admin/components/jquery.aa.popover.js  (134ms)  (pid 7490)
Compiled active_admin/components/jquery.aa.table-checkbox-toggler.js  (15ms)  (pid 7490)
Compiled active_admin/pages/application.js  (2ms)  (pid 7490)
Compiled active_admin/pages/batch_actions.js  (5ms)  (pid 7490)
Compiled active_admin/application.js  (1038ms)  (pid 7490)
Compiled active_admin/base.js  (1545ms)  (pid 7490)
Compiled active_admin.js  (1605ms)  (pid 7490)
Compiled bootstrap-dropdown.js  (0ms)  (pid 7490)
Compiled energy_data.js  (1ms)  (pid 7490)
Compiled flot-test.js  (0ms)  (pid 7490)
Compiled flot/excanvas.js  (1ms)  (pid 7490)
Compiled flot/excanvas.min.js  (0ms)  (pid 7490)
Compiled flot/jquery.colorhelpers.js  (0ms)  (pid 7490)
Compiled flot/jquery.flot.crosshair.js  (1ms)  (pid 7490)
Compiled flot/jquery.flot.fillbetween.js  (0ms)  (pid 7490)
Compiled flot/jquery.flot.image.js  (1ms)  (pid 7490)
Compiled flot/jquery.flot.js  (6ms)  (pid 7490)
Compiled flot/jquery.flot.navigate.js  (1ms)  (pid 7490)
Compiled flot/jquery.flot.pie.js  (7ms)  (pid 7490)
Compiled flot/jquery.flot.resize.js  (0ms)  (pid 7490)
Compiled flot/jquery.flot.selection.js  (1ms)  (pid 7490)
Compiled flot/jquery.flot.stack.js  (0ms)  (pid 7490)
Compiled flot/jquery.flot.symbol.js  (0ms)  (pid 7490)
Compiled flot/jquery.flot.threshold.js  (0ms)  (pid 7490)
Compiled flot/jquery.flot.time.js  (0ms)  (pid 7490)
Compiled flot/jquery.js  (3ms)  (pid 7490)
Compiled jquery-1.8.1.js  (8ms)  (pid 7490)
Compiled rails.js  (2ms)  (pid 7490)
Compiled static_pages.js  (1ms)  (pid 7490)
Compiled updateHTML.js  (0ms)  (pid 7490)
Compiled users.js  (1ms)  (pid 7490)
Compiled application.js  (4392ms)  (pid 7490)
Compiled active_admin.css  (7971ms)  (pid 7490)
Compiled bootstrap-responsive.css  (1ms)  (pid 7490)
Compiled bootstrap.css  (6ms)  (pid 7490)
Compiled bootstrap_and_overrides.css  (1633ms)  (pid 7490)
Compiled custom.css  (831ms)  (pid 7490)
Compiled energy_data.css  (2ms)  (pid 7490)
Compiled scaffolds.css  (45ms)  (pid 7490)
Compiled static_pages.css  (3ms)  (pid 7490)
Compiled style.css  (0ms)  (pid 7490)
Compiled users.css  (6ms)  (pid 7490)
Compiled application.css  (11063ms)  (pid 7490)
Compiled jquery.js  (42ms)  (pid 7490)
Compiled jquery_ujs.js  (0ms)  (pid 7490)
Compiled bootstrap.js  (315ms)  (pid 7490)
Compiled jquery-ui.js  (27ms)  (pid 7490)
Compiled active_admin/lib/namespace.js  (1ms)  (pid 7490)
Compiled active_admin/components/jquery.aa.checkbox-toggler.js  (91ms)  (pid 7490)
Compiled active_admin/components/jquery.aa.dropdown-menu.js  (19ms)  (pid 7490)
Compiled active_admin/components/jquery.aa.popover.js  (54ms)  (pid 7490)
Compiled active_admin/components/jquery.aa.table-checkbox-toggler.js  (19ms)  (pid 7490)
Compiled active_admin/pages/application.js  (6ms)  (pid 7490)
Compiled active_admin/pages/batch_actions.js  (7ms)  (pid 7490)
Compiled active_admin/application.js  (585ms)  (pid 7490)
Compiled active_admin/base.js  (735ms)  (pid 7490)
Compiled active_admin.js  (795ms)  (pid 7490)
Compiled bootstrap-dropdown.js  (0ms)  (pid 7490)
Compiled energy_data.js  (5ms)  (pid 7490)
Compiled flot-test.js  (0ms)  (pid 7490)
Compiled flot/excanvas.js  (15ms)  (pid 7490)
Compiled flot/excanvas.min.js  (0ms)  (pid 7490)
Compiled flot/jquery.colorhelpers.js  (0ms)  (pid 7490)
Compiled flot/jquery.flot.crosshair.js  (0ms)  (pid 7490)
Compiled flot/jquery.flot.fillbetween.js  (0ms)  (pid 7490)
Compiled flot/jquery.flot.image.js  (0ms)  (pid 7490)
Compiled flot/jquery.flot.js  (2ms)  (pid 7490)
Compiled flot/jquery.flot.navigate.js  (1ms)  (pid 7490)
Compiled flot/jquery.flot.pie.js  (1ms)  (pid 7490)
Compiled flot/jquery.flot.resize.js  (0ms)  (pid 7490)
Compiled flot/jquery.flot.selection.js  (1ms)  (pid 7490)
Compiled flot/jquery.flot.stack.js  (13ms)  (pid 7490)
Compiled flot/jquery.flot.symbol.js  (0ms)  (pid 7490)
Compiled flot/jquery.flot.threshold.js  (0ms)  (pid 7490)
Compiled flot/jquery.flot.time.js  (0ms)  (pid 7490)
Compiled flot/jquery.js  (7ms)  (pid 7490)
Compiled jquery-1.8.1.js  (8ms)  (pid 7490)
Compiled rails.js  (0ms)  (pid 7490)
Compiled static_pages.js  (1ms)  (pid 7490)
Compiled updateHTML.js  (1ms)  (pid 7490)
Compiled users.js  (0ms)  (pid 7490)
Compiled application.js  (2923ms)  (pid 7490)
Compiled active_admin.css  (8072ms)  (pid 7490)
Compiled bootstrap-responsive.css  (35ms)  (pid 7490)
Compiled bootstrap.css  (1ms)  (pid 7490)
Compiled bootstrap_and_overrides.css  (1640ms)  (pid 7490)
Compiled custom.css  (812ms)  (pid 7490)
Compiled energy_data.css  (34ms)  (pid 7490)
Compiled scaffolds.css  (72ms)  (pid 7490)
Compiled static_pages.css  (41ms)  (pid 7490)
Compiled style.css  (4ms)  (pid 7490)
Compiled users.css  (25ms)  (pid 7490)
Compiled application.css  (11343ms)  (pid 7490)
